{"/Users/iagudo/Projects/thingiverse-api-to-graphql/auth-server/src/config/WinstonLogger.ts": {"path":"/Users/iagudo/Projects/thingiverse-api-to-graphql/auth-server/src/config/WinstonLogger.ts","statementMap":{"0":{"start":{"line":1,"column":0},"end":{"line":1,"column":67}},"1":{"start":{"line":2,"column":0},"end":{"line":2,"column":80}},"2":{"start":{"line":4,"column":20},"end":{"line":4,"column":38}},"3":{"start":{"line":5,"column":21},"end":{"line":5,"column":36}},"4":{"start":{"line":7,"column":0},"end":{"line":7,"column":null}},"5":{"start":{"line":13,"column":4},"end":{"line":13,"column":50}},"6":{"start":{"line":15,"column":26},"end":{"line":17,"column":null}},"7":{"start":{"line":20,"column":29},"end":{"line":23,"column":null}},"8":{"start":{"line":26,"column":4},"end":{"line":35,"column":7}},"9":{"start":{"line":37,"column":4},"end":{"line":41,"column":null}},"10":{"start":{"line":38,"column":6},"end":{"line":40,"column":10}},"11":{"start":{"line":43,"column":0},"end":{"line":43,"column":null}}},"fnMap":{"0":{"name":"(anonymous_1)","decl":{"start":{"line":7,"column":0},"end":{"line":7,"column":null}},"loc":{"start":{"line":7,"column":0},"end":{"line":43,"column":null}}},"1":{"name":"WinstonLogger","decl":{"start":{"line":12,"column":2},"end":{"line":12,"column":null}},"loc":{"start":{"line":12,"column":2},"end":{"line":42,"column":3}}}},"branchMap":{"0":{"loc":{"start":{"line":37,"column":4},"end":{"line":41,"column":null}},"type":"if","locations":[{"start":{"line":37,"column":4},"end":{"line":41,"column":null}},{"start":{"line":37,"column":4},"end":{"line":41,"column":null}}]}},"s":{"0":1,"1":1,"2":1,"3":1,"4":1,"5":1,"6":1,"7":0,"8":0,"9":0,"10":0,"11":1},"f":{"0":1,"1":1},"b":{"0":[0,0]}}
,"/Users/iagudo/Projects/thingiverse-api-to-graphql/auth-server/src/controller/LoginController.ts": {"path":"/Users/iagudo/Projects/thingiverse-api-to-graphql/auth-server/src/controller/LoginController.ts","statementMap":{"0":{"start":{"line":2,"column":0},"end":{"line":2,"column":48}},"1":{"start":{"line":4,"column":0},"end":{"line":4,"column":52}},"2":{"start":{"line":6,"column":0},"end":{"line":6,"column":51}},"3":{"start":{"line":7,"column":0},"end":{"line":7,"column":80}},"4":{"start":{"line":8,"column":0},"end":{"line":8,"column":52}},"5":{"start":{"line":10,"column":0},"end":{"line":10,"column":null}},"6":{"start":{"line":16,"column":4},"end":{"line":16,"column":46}},"7":{"start":{"line":17,"column":4},"end":{"line":17,"column":38}},"8":{"start":{"line":18,"column":4},"end":{"line":18,"column":50}},"9":{"start":{"line":21,"column":2},"end":{"line":29,"column":null}},"10":{"start":{"line":22,"column":26},"end":{"line":22,"column":63}},"11":{"start":{"line":24,"column":4},"end":{"line":26,"column":null}},"12":{"start":{"line":25,"column":6},"end":{"line":25,"column":55}},"13":{"start":{"line":28,"column":4},"end":{"line":28,"column":30}},"14":{"start":{"line":31,"column":2},"end":{"line":42,"column":null}},"15":{"start":{"line":32,"column":25},"end":{"line":32,"column":53}},"16":{"start":{"line":34,"column":4},"end":{"line":37,"column":null}},"17":{"start":{"line":35,"column":6},"end":{"line":36,"column":67}},"18":{"start":{"line":39,"column":4},"end":{"line":41,"column":107}},"19":{"start":{"line":40,"column":29},"end":{"line":40,"column":79}},"20":{"start":{"line":41,"column":23},"end":{"line":41,"column":32}},"21":{"start":{"line":41,"column":37},"end":{"line":41,"column":106}},"22":{"start":{"line":44,"column":2},"end":{"line":55,"column":null}},"23":{"start":{"line":45,"column":32},"end":{"line":45,"column":67}},"24":{"start":{"line":47,"column":4},"end":{"line":50,"column":null}},"25":{"start":{"line":48,"column":6},"end":{"line":49,"column":79}},"26":{"start":{"line":52,"column":4},"end":{"line":54,"column":112}},"27":{"start":{"line":53,"column":31},"end":{"line":53,"column":78}},"28":{"start":{"line":54,"column":23},"end":{"line":54,"column":37}},"29":{"start":{"line":54,"column":42},"end":{"line":54,"column":111}},"30":{"start":{"line":57,"column":10},"end":{"line":67,"column":4}},"31":{"start":{"line":58,"column":28},"end":{"line":58,"column":62}},"32":{"start":{"line":59,"column":37},"end":{"line":59,"column":81}},"33":{"start":{"line":60,"column":29},"end":{"line":60,"column":64}},"34":{"start":{"line":62,"column":21},"end":{"line":62,"column":61}},"35":{"start":{"line":64,"column":4},"end":{"line":64,"column":51}},"36":{"start":{"line":66,"column":4},"end":{"line":66,"column":26}},"37":{"start":{"line":69,"column":10},"end":{"line":71,"column":null}},"38":{"start":{"line":70,"column":4},"end":{"line":70,"column":49}},"39":{"start":{"line":72,"column":0},"end":{"line":72,"column":null}}},"fnMap":{"0":{"name":"(anonymous_1)","decl":{"start":{"line":10,"column":0},"end":{"line":10,"column":null}},"loc":{"start":{"line":10,"column":0},"end":{"line":72,"column":null}}},"1":{"name":"LoginController","decl":{"start":{"line":15,"column":2},"end":{"line":15,"column":null}},"loc":{"start":{"line":15,"column":2},"end":{"line":19,"column":3}}},"2":{"name":"(anonymous_3)","decl":{"start":{"line":21,"column":2},"end":{"line":21,"column":7}},"loc":{"start":{"line":21,"column":44},"end":{"line":29,"column":3}}},"3":{"name":"(anonymous_4)","decl":{"start":{"line":31,"column":2},"end":{"line":31,"column":14}},"loc":{"start":{"line":31,"column":51},"end":{"line":42,"column":3}}},"4":{"name":"(anonymous_5)","decl":{"start":{"line":40,"column":12},"end":{"line":40,"column":13}},"loc":{"start":{"line":40,"column":24},"end":{"line":40,"column":37}}},"5":{"name":"(anonymous_6)","decl":{"start":{"line":41,"column":13},"end":{"line":41,"column":14}},"loc":{"start":{"line":41,"column":32},"end":{"line":41,"column":45}}},"6":{"name":"(anonymous_7)","decl":{"start":{"line":44,"column":2},"end":{"line":44,"column":10}},"loc":{"start":{"line":44,"column":47},"end":{"line":55,"column":3}}},"7":{"name":"(anonymous_8)","decl":{"start":{"line":53,"column":12},"end":{"line":53,"column":13}},"loc":{"start":{"line":53,"column":26},"end":{"line":53,"column":39}}},"8":{"name":"(anonymous_9)","decl":{"start":{"line":54,"column":13},"end":{"line":54,"column":14}},"loc":{"start":{"line":54,"column":37},"end":{"line":54,"column":50}}},"9":{"name":"(anonymous_10)","decl":{"start":{"line":57,"column":2},"end":{"line":57,"column":10}},"loc":{"start":{"line":57,"column":2},"end":{"line":67,"column":3}}},"10":{"name":"(anonymous_11)","decl":{"start":{"line":69,"column":2},"end":{"line":69,"column":10}},"loc":{"start":{"line":69,"column":50},"end":{"line":71,"column":3}}}},"branchMap":{"0":{"loc":{"start":{"line":16,"column":37},"end":{"line":16,"column":39}},"type":"cond-expr","locations":[{"start":{"line":16,"column":37},"end":{"line":16,"column":39}},{"start":{"line":16,"column":37},"end":{"line":16,"column":45}}]},"1":{"loc":{"start":{"line":16,"column":15},"end":{"line":16,"column":39}},"type":"binary-expr","locations":[{"start":{"line":16,"column":15},"end":{"line":16,"column":39}},{"start":{"line":16,"column":37},"end":{"line":16,"column":39}}]},"2":{"loc":{"start":{"line":24,"column":4},"end":{"line":26,"column":null}},"type":"if","locations":[{"start":{"line":24,"column":4},"end":{"line":26,"column":null}},{"start":{"line":24,"column":4},"end":{"line":26,"column":null}}]},"3":{"loc":{"start":{"line":32,"column":47},"end":{"line":32,"column":49}},"type":"cond-expr","locations":[{"start":{"line":32,"column":47},"end":{"line":32,"column":49}},{"start":{"line":32,"column":47},"end":{"line":32,"column":53}}]},"4":{"loc":{"start":{"line":32,"column":25},"end":{"line":32,"column":49}},"type":"binary-expr","locations":[{"start":{"line":32,"column":25},"end":{"line":32,"column":49}},{"start":{"line":32,"column":47},"end":{"line":32,"column":49}}]},"5":{"loc":{"start":{"line":32,"column":40},"end":{"line":32,"column":42}},"type":"cond-expr","locations":[{"start":{"line":32,"column":40},"end":{"line":32,"column":42}},{"start":{"line":32,"column":33},"end":{"line":32,"column":47}}]},"6":{"loc":{"start":{"line":32,"column":33},"end":{"line":32,"column":42}},"type":"binary-expr","locations":[{"start":{"line":32,"column":33},"end":{"line":32,"column":42}},{"start":{"line":32,"column":33},"end":{"line":32,"column":42}}]},"7":{"loc":{"start":{"line":34,"column":4},"end":{"line":37,"column":null}},"type":"if","locations":[{"start":{"line":34,"column":4},"end":{"line":37,"column":null}},{"start":{"line":34,"column":4},"end":{"line":37,"column":null}}]},"8":{"loc":{"start":{"line":45,"column":54},"end":{"line":45,"column":56}},"type":"cond-expr","locations":[{"start":{"line":45,"column":54},"end":{"line":45,"column":56}},{"start":{"line":45,"column":54},"end":{"line":45,"column":67}}]},"9":{"loc":{"start":{"line":45,"column":32},"end":{"line":45,"column":56}},"type":"binary-expr","locations":[{"start":{"line":45,"column":32},"end":{"line":45,"column":56}},{"start":{"line":45,"column":54},"end":{"line":45,"column":56}}]},"10":{"loc":{"start":{"line":45,"column":47},"end":{"line":45,"column":49}},"type":"cond-expr","locations":[{"start":{"line":45,"column":47},"end":{"line":45,"column":49}},{"start":{"line":45,"column":40},"end":{"line":45,"column":54}}]},"11":{"loc":{"start":{"line":45,"column":40},"end":{"line":45,"column":49}},"type":"binary-expr","locations":[{"start":{"line":45,"column":40},"end":{"line":45,"column":49}},{"start":{"line":45,"column":40},"end":{"line":45,"column":49}}]},"12":{"loc":{"start":{"line":47,"column":4},"end":{"line":50,"column":null}},"type":"if","locations":[{"start":{"line":47,"column":4},"end":{"line":50,"column":null}},{"start":{"line":47,"column":4},"end":{"line":50,"column":null}}]},"13":{"loc":{"start":{"line":70,"column":11},"end":{"line":70,"column":42}},"type":"binary-expr","locations":[{"start":{"line":70,"column":11},"end":{"line":70,"column":42}},{"start":{"line":70,"column":46},"end":{"line":70,"column":48}}]},"14":{"loc":{"start":{"line":70,"column":27},"end":{"line":70,"column":29}},"type":"cond-expr","locations":[{"start":{"line":70,"column":27},"end":{"line":70,"column":29}},{"start":{"line":70,"column":27},"end":{"line":70,"column":42}}]},"15":{"loc":{"start":{"line":70,"column":11},"end":{"line":70,"column":29}},"type":"binary-expr","locations":[{"start":{"line":70,"column":11},"end":{"line":70,"column":29}},{"start":{"line":70,"column":27},"end":{"line":70,"column":29}}]},"16":{"loc":{"start":{"line":70,"column":18},"end":{"line":70,"column":20}},"type":"cond-expr","locations":[{"start":{"line":70,"column":18},"end":{"line":70,"column":20}},{"start":{"line":70,"column":11},"end":{"line":70,"column":27}}]},"17":{"loc":{"start":{"line":70,"column":11},"end":{"line":70,"column":20}},"type":"binary-expr","locations":[{"start":{"line":70,"column":11},"end":{"line":70,"column":20}},{"start":{"line":70,"column":11},"end":{"line":70,"column":20}}]}},"s":{"0":1,"1":1,"2":1,"3":1,"4":1,"5":1,"6":0,"7":0,"8":0,"9":1,"10":0,"11":0,"12":0,"13":0,"14":1,"15":0,"16":0,"17":0,"18":0,"19":0,"20":0,"21":0,"22":1,"23":0,"24":0,"25":0,"26":0,"27":0,"28":0,"29":0,"30":1,"31":0,"32":0,"33":0,"34":0,"35":0,"36":0,"37":1,"38":0,"39":1},"f":{"0":1,"1":0,"2":0,"3":0,"4":0,"5":0,"6":0,"7":0,"8":0,"9":0,"10":0},"b":{"0":[0,0],"1":[0,0],"2":[0,0],"3":[0,0],"4":[0,0],"5":[0,0],"6":[0,0],"7":[0,0],"8":[0,0],"9":[0,0],"10":[0,0],"11":[0,0],"12":[0,0],"13":[0,0],"14":[0,0],"15":[0,0],"16":[0,0],"17":[0,0]}}
,"/Users/iagudo/Projects/thingiverse-api-to-graphql/auth-server/src/domain/Server.ts": {"path":"/Users/iagudo/Projects/thingiverse-api-to-graphql/auth-server/src/domain/Server.ts","statementMap":{"0":{"start":{"line":2,"column":0},"end":{"line":2,"column":44}},"1":{"start":{"line":3,"column":0},"end":{"line":3,"column":38}},"2":{"start":{"line":5,"column":0},"end":{"line":5,"column":52}},"3":{"start":{"line":6,"column":0},"end":{"line":6,"column":43}},"4":{"start":{"line":7,"column":0},"end":{"line":7,"column":65}},"5":{"start":{"line":8,"column":0},"end":{"line":8,"column":28}},"6":{"start":{"line":10,"column":0},"end":{"line":10,"column":52}},"7":{"start":{"line":12,"column":0},"end":{"line":12,"column":47}},"8":{"start":{"line":14,"column":0},"end":{"line":14,"column":null}},"9":{"start":{"line":20,"column":4},"end":{"line":20,"column":25}},"10":{"start":{"line":21,"column":4},"end":{"line":21,"column":46}},"11":{"start":{"line":23,"column":4},"end":{"line":23,"column":36}},"12":{"start":{"line":24,"column":4},"end":{"line":24,"column":40}},"13":{"start":{"line":25,"column":4},"end":{"line":25,"column":22}},"14":{"start":{"line":26,"column":4},"end":{"line":26,"column":50}},"15":{"start":{"line":27,"column":4},"end":{"line":27,"column":35}},"16":{"start":{"line":30,"column":10},"end":{"line":35,"column":null}},"17":{"start":{"line":31,"column":4},"end":{"line":31,"column":28}},"18":{"start":{"line":32,"column":4},"end":{"line":32,"column":27}},"19":{"start":{"line":33,"column":4},"end":{"line":33,"column":23}},"20":{"start":{"line":34,"column":4},"end":{"line":34,"column":27}},"21":{"start":{"line":37,"column":10},"end":{"line":43,"column":null}},"22":{"start":{"line":38,"column":42},"end":{"line":38,"column":58}},"23":{"start":{"line":40,"column":4},"end":{"line":42,"column":null}},"24":{"start":{"line":41,"column":6},"end":{"line":41,"column":61}},"25":{"start":{"line":45,"column":10},"end":{"line":53,"column":null}},"26":{"start":{"line":46,"column":27},"end":{"line":46,"column":39}},"27":{"start":{"line":48,"column":4},"end":{"line":50,"column":null}},"28":{"start":{"line":49,"column":6},"end":{"line":49,"column":71}},"29":{"start":{"line":52,"column":4},"end":{"line":52,"column":16}},"30":{"start":{"line":55,"column":10},"end":{"line":60,"column":null}},"31":{"start":{"line":55,"column":2},"end":{"line":55,"column":10}},"32":{"start":{"line":56,"column":4},"end":{"line":56,"column":50}},"33":{"start":{"line":57,"column":4},"end":{"line":59,"column":7}},"34":{"start":{"line":58,"column":6},"end":{"line":58,"column":94}},"35":{"start":{"line":62,"column":10},"end":{"line":71,"column":null}},"36":{"start":{"line":63,"column":4},"end":{"line":63,"column":44}},"37":{"start":{"line":64,"column":36},"end":{"line":64,"column":54}},"38":{"start":{"line":66,"column":4},"end":{"line":68,"column":null}},"39":{"start":{"line":67,"column":6},"end":{"line":67,"column":67}},"40":{"start":{"line":70,"column":4},"end":{"line":70,"column":33}},"41":{"start":{"line":73,"column":10},"end":{"line":78,"column":null}},"42":{"start":{"line":73,"column":2},"end":{"line":73,"column":10}},"43":{"start":{"line":74,"column":4},"end":{"line":74,"column":50}},"44":{"start":{"line":75,"column":4},"end":{"line":77,"column":54}},"45":{"start":{"line":76,"column":18},"end":{"line":76,"column":20}},"46":{"start":{"line":76,"column":27},"end":{"line":76,"column":39}},"47":{"start":{"line":76,"column":44},"end":{"line":76,"column":77}},"48":{"start":{"line":77,"column":21},"end":{"line":77,"column":53}},"49":{"start":{"line":80,"column":10},"end":{"line":83,"column":null}},"50":{"start":{"line":81,"column":4},"end":{"line":81,"column":50}},"51":{"start":{"line":82,"column":4},"end":{"line":82,"column":32}},"52":{"start":{"line":85,"column":10},"end":{"line":89,"column":null}},"53":{"start":{"line":86,"column":4},"end":{"line":86,"column":46}},"54":{"start":{"line":87,"column":4},"end":{"line":87,"column":33}},"55":{"start":{"line":88,"column":4},"end":{"line":88,"column":57}},"56":{"start":{"line":91,"column":10},"end":{"line":104,"column":null}},"57":{"start":{"line":92,"column":4},"end":{"line":92,"column":52}},"58":{"start":{"line":93,"column":4},"end":{"line":103,"column":7}},"59":{"start":{"line":94,"column":41},"end":{"line":94,"column":43}},"60":{"start":{"line":94,"column":50},"end":{"line":94,"column":52}},"61":{"start":{"line":94,"column":55},"end":{"line":94,"column":57}},"62":{"start":{"line":94,"column":63},"end":{"line":94,"column":85}},"63":{"start":{"line":95,"column":8},"end":{"line":95,"column":125}},"64":{"start":{"line":97,"column":43},"end":{"line":97,"column":45}},"65":{"start":{"line":97,"column":51},"end":{"line":97,"column":68}},"66":{"start":{"line":98,"column":8},"end":{"line":98,"column":91}},"67":{"start":{"line":100,"column":37},"end":{"line":100,"column":39}},"68":{"start":{"line":100,"column":46},"end":{"line":100,"column":60}},"69":{"start":{"line":101,"column":8},"end":{"line":101,"column":61}},"70":{"start":{"line":106,"column":10},"end":{"line":109,"column":null}},"71":{"start":{"line":107,"column":4},"end":{"line":107,"column":53}},"72":{"start":{"line":108,"column":4},"end":{"line":108,"column":32}},"73":{"start":{"line":110,"column":0},"end":{"line":110,"column":null}}},"fnMap":{"0":{"name":"(anonymous_1)","decl":{"start":{"line":14,"column":0},"end":{"line":14,"column":null}},"loc":{"start":{"line":14,"column":0},"end":{"line":110,"column":null}}},"1":{"name":"Server","decl":{"start":{"line":19,"column":2},"end":{"line":19,"column":null}},"loc":{"start":{"line":19,"column":2},"end":{"line":28,"column":3}}},"2":{"name":"(anonymous_3)","decl":{"start":{"line":30,"column":2},"end":{"line":30,"column":10}},"loc":{"start":{"line":30,"column":2},"end":{"line":35,"column":3}}},"3":{"name":"(anonymous_4)","decl":{"start":{"line":37,"column":2},"end":{"line":37,"column":10}},"loc":{"start":{"line":37,"column":2},"end":{"line":43,"column":3}}},"4":{"name":"(anonymous_5)","decl":{"start":{"line":45,"column":2},"end":{"line":45,"column":10}},"loc":{"start":{"line":45,"column":2},"end":{"line":53,"column":3}}},"5":{"name":"(anonymous_6)","decl":{"start":{"line":55,"column":2},"end":{"line":55,"column":10}},"loc":{"start":{"line":55,"column":39},"end":{"line":60,"column":3}}},"6":{"name":"(anonymous_7)","decl":{"start":{"line":57,"column":44},"end":{"line":57,"column":null}},"loc":{"start":{"line":57,"column":44},"end":{"line":59,"column":5}}},"7":{"name":"(anonymous_8)","decl":{"start":{"line":62,"column":2},"end":{"line":62,"column":10}},"loc":{"start":{"line":62,"column":2},"end":{"line":71,"column":3}}},"8":{"name":"(anonymous_9)","decl":{"start":{"line":73,"column":2},"end":{"line":73,"column":10}},"loc":{"start":{"line":73,"column":2},"end":{"line":78,"column":3}}},"9":{"name":"(anonymous_10)","decl":{"start":{"line":76,"column":11},"end":{"line":76,"column":12}},"loc":{"start":{"line":76,"column":39},"end":{"line":76,"column":48}}},"10":{"name":"(anonymous_11)","decl":{"start":{"line":77,"column":15},"end":{"line":77,"column":17}},"loc":{"start":{"line":77,"column":17},"end":{"line":77,"column":25}}},"11":{"name":"(anonymous_12)","decl":{"start":{"line":80,"column":2},"end":{"line":80,"column":10}},"loc":{"start":{"line":80,"column":2},"end":{"line":83,"column":3}}},"12":{"name":"(anonymous_13)","decl":{"start":{"line":85,"column":2},"end":{"line":85,"column":10}},"loc":{"start":{"line":85,"column":2},"end":{"line":89,"column":3}}},"13":{"name":"(anonymous_14)","decl":{"start":{"line":91,"column":2},"end":{"line":91,"column":10}},"loc":{"start":{"line":91,"column":2},"end":{"line":104,"column":3}}},"14":{"name":"(anonymous_15)","decl":{"start":{"line":94,"column":15},"end":{"line":94,"column":16}},"loc":{"start":{"line":94,"column":85},"end":{"line":96,"column":7}}},"15":{"name":"(anonymous_16)","decl":{"start":{"line":97,"column":16},"end":{"line":97,"column":17}},"loc":{"start":{"line":97,"column":68},"end":{"line":99,"column":7}}},"16":{"name":"(anonymous_17)","decl":{"start":{"line":100,"column":13},"end":{"line":100,"column":14}},"loc":{"start":{"line":100,"column":60},"end":{"line":102,"column":7}}},"17":{"name":"(anonymous_18)","decl":{"start":{"line":106,"column":2},"end":{"line":106,"column":10}},"loc":{"start":{"line":106,"column":2},"end":{"line":109,"column":3}}}},"branchMap":{"0":{"loc":{"start":{"line":21,"column":37},"end":{"line":21,"column":39}},"type":"cond-expr","locations":[{"start":{"line":21,"column":37},"end":{"line":21,"column":39}},{"start":{"line":21,"column":37},"end":{"line":21,"column":45}}]},"1":{"loc":{"start":{"line":21,"column":15},"end":{"line":21,"column":39}},"type":"binary-expr","locations":[{"start":{"line":21,"column":15},"end":{"line":21,"column":39}},{"start":{"line":21,"column":37},"end":{"line":21,"column":39}}]},"2":{"loc":{"start":{"line":40,"column":4},"end":{"line":42,"column":null}},"type":"if","locations":[{"start":{"line":40,"column":4},"end":{"line":42,"column":null}},{"start":{"line":40,"column":4},"end":{"line":42,"column":null}}]},"3":{"loc":{"start":{"line":48,"column":4},"end":{"line":50,"column":null}},"type":"if","locations":[{"start":{"line":48,"column":4},"end":{"line":50,"column":null}},{"start":{"line":48,"column":4},"end":{"line":50,"column":null}}]},"4":{"loc":{"start":{"line":66,"column":4},"end":{"line":68,"column":null}},"type":"if","locations":[{"start":{"line":66,"column":4},"end":{"line":68,"column":null}},{"start":{"line":66,"column":4},"end":{"line":68,"column":null}}]},"5":{"loc":{"start":{"line":98,"column":81},"end":{"line":98,"column":83}},"type":"cond-expr","locations":[{"start":{"line":98,"column":81},"end":{"line":98,"column":83}},{"start":{"line":98,"column":75},"end":{"line":98,"column":86}}]},"6":{"loc":{"start":{"line":98,"column":75},"end":{"line":98,"column":83}},"type":"binary-expr","locations":[{"start":{"line":98,"column":75},"end":{"line":98,"column":83}},{"start":{"line":98,"column":75},"end":{"line":98,"column":83}}]}},"s":{"0":1,"1":1,"2":1,"3":1,"4":1,"5":1,"6":1,"7":1,"8":1,"9":1,"10":1,"11":0,"12":0,"13":0,"14":0,"15":0,"16":1,"17":0,"18":0,"19":0,"20":0,"21":1,"22":0,"23":0,"24":0,"25":1,"26":0,"27":0,"28":0,"29":0,"30":1,"31":0,"32":0,"33":0,"34":0,"35":1,"36":0,"37":0,"38":0,"39":0,"40":0,"41":1,"42":0,"43":0,"44":0,"45":0,"46":0,"47":0,"48":0,"49":1,"50":0,"51":0,"52":1,"53":0,"54":0,"55":0,"56":1,"57":0,"58":0,"59":0,"60":0,"61":0,"62":0,"63":0,"64":0,"65":0,"66":0,"67":0,"68":0,"69":0,"70":1,"71":0,"72":0,"73":1},"f":{"0":1,"1":1,"2":0,"3":0,"4":0,"5":0,"6":0,"7":0,"8":0,"9":0,"10":0,"11":0,"12":0,"13":0,"14":0,"15":0,"16":0,"17":0},"b":{"0":[0,0],"1":[1,0],"2":[0,0],"3":[0,0],"4":[0,0],"5":[0,0],"6":[0,0]}}
,"/Users/iagudo/Projects/thingiverse-api-to-graphql/auth-server/src/domain/error/InvalidAccessToken.ts": {"path":"/Users/iagudo/Projects/thingiverse-api-to-graphql/auth-server/src/domain/error/InvalidAccessToken.ts","statementMap":{"0":{"start":{"line":1,"column":0},"end":{"line":1,"column":55}},"1":{"start":{"line":3,"column":0},"end":{"line":3,"column":null}},"2":{"start":{"line":3,"column":48},"end":{"line":3,"column":53}},"3":{"start":{"line":5,"column":4},"end":{"line":5,"column":null}},"4":{"start":{"line":7,"column":0},"end":{"line":7,"column":null}}},"fnMap":{"0":{"name":"(anonymous_7)","decl":{"start":{"line":3,"column":0},"end":{"line":3,"column":48}},"loc":{"start":{"line":3,"column":0},"end":{"line":7,"column":null}}},"1":{"name":"InvalidAccessToken","decl":{"start":{"line":4,"column":2},"end":{"line":4,"column":null}},"loc":{"start":{"line":4,"column":2},"end":{"line":6,"column":3}}}},"branchMap":{"0":{"loc":{"start":{"line":5,"column":4},"end":{"line":5,"column":62}},"type":"binary-expr","locations":[{"start":{"line":5,"column":4},"end":{"line":5,"column":62}},{"start":{"line":5,"column":62},"end":{"line":5,"column":null}}]}},"s":{"0":1,"1":1,"2":1,"3":0,"4":1},"f":{"0":1,"1":0},"b":{"0":[0,0]}}
,"/Users/iagudo/Projects/thingiverse-api-to-graphql/auth-server/src/domain/error/InvalidAccessTokenToAuthenticate.ts": {"path":"/Users/iagudo/Projects/thingiverse-api-to-graphql/auth-server/src/domain/error/InvalidAccessTokenToAuthenticate.ts","statementMap":{"0":{"start":{"line":1,"column":0},"end":{"line":1,"column":55}},"1":{"start":{"line":3,"column":0},"end":{"line":3,"column":null}},"2":{"start":{"line":3,"column":62},"end":{"line":3,"column":67}},"3":{"start":{"line":5,"column":4},"end":{"line":5,"column":null}},"4":{"start":{"line":7,"column":0},"end":{"line":7,"column":null}}},"fnMap":{"0":{"name":"(anonymous_7)","decl":{"start":{"line":3,"column":0},"end":{"line":3,"column":62}},"loc":{"start":{"line":3,"column":0},"end":{"line":7,"column":null}}},"1":{"name":"InvalidAccessTokenToAuthenticate","decl":{"start":{"line":4,"column":2},"end":{"line":4,"column":null}},"loc":{"start":{"line":4,"column":2},"end":{"line":6,"column":3}}}},"branchMap":{"0":{"loc":{"start":{"line":5,"column":4},"end":{"line":5,"column":61}},"type":"binary-expr","locations":[{"start":{"line":5,"column":4},"end":{"line":5,"column":61}},{"start":{"line":5,"column":61},"end":{"line":5,"column":null}}]}},"s":{"0":2,"1":2,"2":2,"3":4,"4":2},"f":{"0":2,"1":4},"b":{"0":[4,0]}}
,"/Users/iagudo/Projects/thingiverse-api-to-graphql/auth-server/src/domain/error/InvalidCodeToExchange.ts": {"path":"/Users/iagudo/Projects/thingiverse-api-to-graphql/auth-server/src/domain/error/InvalidCodeToExchange.ts","statementMap":{"0":{"start":{"line":1,"column":0},"end":{"line":1,"column":55}},"1":{"start":{"line":3,"column":0},"end":{"line":3,"column":null}},"2":{"start":{"line":3,"column":51},"end":{"line":3,"column":56}},"3":{"start":{"line":5,"column":4},"end":{"line":5,"column":null}},"4":{"start":{"line":7,"column":0},"end":{"line":7,"column":null}}},"fnMap":{"0":{"name":"(anonymous_7)","decl":{"start":{"line":3,"column":0},"end":{"line":3,"column":51}},"loc":{"start":{"line":3,"column":0},"end":{"line":7,"column":null}}},"1":{"name":"InvalidCodeToExchange","decl":{"start":{"line":4,"column":2},"end":{"line":4,"column":null}},"loc":{"start":{"line":4,"column":2},"end":{"line":6,"column":3}}}},"branchMap":{"0":{"loc":{"start":{"line":5,"column":4},"end":{"line":5,"column":49}},"type":"binary-expr","locations":[{"start":{"line":5,"column":4},"end":{"line":5,"column":49}},{"start":{"line":5,"column":49},"end":{"line":5,"column":null}}]}},"s":{"0":2,"1":2,"2":2,"3":2,"4":2},"f":{"0":2,"1":2},"b":{"0":[2,0]}}
,"/Users/iagudo/Projects/thingiverse-api-to-graphql/auth-server/src/domain/error/NotValidAccessTokenOnResponse.ts": {"path":"/Users/iagudo/Projects/thingiverse-api-to-graphql/auth-server/src/domain/error/NotValidAccessTokenOnResponse.ts","statementMap":{"0":{"start":{"line":1,"column":0},"end":{"line":1,"column":55}},"1":{"start":{"line":3,"column":0},"end":{"line":3,"column":null}},"2":{"start":{"line":3,"column":59},"end":{"line":3,"column":64}},"3":{"start":{"line":5,"column":4},"end":{"line":5,"column":null}},"4":{"start":{"line":7,"column":0},"end":{"line":7,"column":null}}},"fnMap":{"0":{"name":"(anonymous_7)","decl":{"start":{"line":3,"column":0},"end":{"line":3,"column":59}},"loc":{"start":{"line":3,"column":0},"end":{"line":7,"column":null}}},"1":{"name":"NotValidAccessTokenOnResponse","decl":{"start":{"line":4,"column":2},"end":{"line":4,"column":null}},"loc":{"start":{"line":4,"column":2},"end":{"line":6,"column":3}}}},"branchMap":{"0":{"loc":{"start":{"line":5,"column":4},"end":{"line":5,"column":56}},"type":"binary-expr","locations":[{"start":{"line":5,"column":4},"end":{"line":5,"column":56}},{"start":{"line":5,"column":56},"end":{"line":5,"column":null}}]}},"s":{"0":1,"1":1,"2":1,"3":0,"4":1},"f":{"0":1,"1":0},"b":{"0":[0,0]}}
,"/Users/iagudo/Projects/thingiverse-api-to-graphql/auth-server/src/route/LoginRouter.ts": {"path":"/Users/iagudo/Projects/thingiverse-api-to-graphql/auth-server/src/route/LoginRouter.ts","statementMap":{"0":{"start":{"line":1,"column":0},"end":{"line":1,"column":33}},"1":{"start":{"line":3,"column":0},"end":{"line":3,"column":60}},"2":{"start":{"line":5,"column":0},"end":{"line":5,"column":null}},"3":{"start":{"line":10,"column":4},"end":{"line":10,"column":27}},"4":{"start":{"line":11,"column":4},"end":{"line":11,"column":49}},"5":{"start":{"line":13,"column":4},"end":{"line":14,"column":39}},"6":{"start":{"line":16,"column":4},"end":{"line":17,"column":46}},"7":{"start":{"line":19,"column":4},"end":{"line":20,"column":42}},"8":{"start":{"line":22,"column":0},"end":{"line":22,"column":null}}},"fnMap":{"0":{"name":"(anonymous_1)","decl":{"start":{"line":5,"column":0},"end":{"line":5,"column":null}},"loc":{"start":{"line":5,"column":0},"end":{"line":22,"column":null}}},"1":{"name":"LoginRouter","decl":{"start":{"line":9,"column":2},"end":{"line":9,"column":null}},"loc":{"start":{"line":9,"column":2},"end":{"line":21,"column":3}}}},"branchMap":{},"s":{"0":1,"1":1,"2":1,"3":0,"4":0,"5":0,"6":0,"7":0,"8":1},"f":{"0":1,"1":0},"b":{}}
,"/Users/iagudo/Projects/thingiverse-api-to-graphql/auth-server/src/service/LoginService.ts": {"path":"/Users/iagudo/Projects/thingiverse-api-to-graphql/auth-server/src/service/LoginService.ts","statementMap":{"0":{"start":{"line":3,"column":0},"end":{"line":3,"column":52}},"1":{"start":{"line":4,"column":0},"end":{"line":4,"column":96}},"2":{"start":{"line":5,"column":0},"end":{"line":5,"column":74}},"3":{"start":{"line":6,"column":0},"end":{"line":6,"column":52}},"4":{"start":{"line":8,"column":0},"end":{"line":8,"column":null}},"5":{"start":{"line":14,"column":4},"end":{"line":14,"column":46}},"6":{"start":{"line":15,"column":4},"end":{"line":15,"column":42}},"7":{"start":{"line":18,"column":2},"end":{"line":24,"column":null}},"8":{"start":{"line":19,"column":4},"end":{"line":21,"column":null}},"9":{"start":{"line":20,"column":6},"end":{"line":20,"column":51}},"10":{"start":{"line":23,"column":4},"end":{"line":23,"column":44}},"11":{"start":{"line":26,"column":2},"end":{"line":32,"column":null}},"12":{"start":{"line":27,"column":4},"end":{"line":29,"column":null}},"13":{"start":{"line":28,"column":6},"end":{"line":28,"column":40}},"14":{"start":{"line":31,"column":4},"end":{"line":31,"column":52}},"15":{"start":{"line":34,"column":2},"end":{"line":41,"column":null}},"16":{"start":{"line":36,"column":4},"end":{"line":38,"column":null}},"17":{"start":{"line":37,"column":6},"end":{"line":37,"column":51}},"18":{"start":{"line":40,"column":4},"end":{"line":40,"column":48}},"19":{"start":{"line":42,"column":0},"end":{"line":42,"column":null}}},"fnMap":{"0":{"name":"(anonymous_1)","decl":{"start":{"line":8,"column":0},"end":{"line":8,"column":null}},"loc":{"start":{"line":8,"column":0},"end":{"line":42,"column":null}}},"1":{"name":"LoginService","decl":{"start":{"line":13,"column":2},"end":{"line":13,"column":null}},"loc":{"start":{"line":13,"column":2},"end":{"line":16,"column":3}}},"2":{"name":"(anonymous_3)","decl":{"start":{"line":18,"column":2},"end":{"line":18,"column":7}},"loc":{"start":{"line":18,"column":21},"end":{"line":24,"column":3}}},"3":{"name":"(anonymous_4)","decl":{"start":{"line":26,"column":2},"end":{"line":26,"column":14}},"loc":{"start":{"line":26,"column":27},"end":{"line":32,"column":3}}},"4":{"name":"(anonymous_5)","decl":{"start":{"line":34,"column":2},"end":{"line":34,"column":10}},"loc":{"start":{"line":34,"column":30},"end":{"line":41,"column":3}}}},"branchMap":{"0":{"loc":{"start":{"line":14,"column":37},"end":{"line":14,"column":39}},"type":"cond-expr","locations":[{"start":{"line":14,"column":37},"end":{"line":14,"column":39}},{"start":{"line":14,"column":37},"end":{"line":14,"column":45}}]},"1":{"loc":{"start":{"line":14,"column":15},"end":{"line":14,"column":39}},"type":"binary-expr","locations":[{"start":{"line":14,"column":15},"end":{"line":14,"column":39}},{"start":{"line":14,"column":37},"end":{"line":14,"column":39}}]},"2":{"loc":{"start":{"line":19,"column":4},"end":{"line":21,"column":null}},"type":"if","locations":[{"start":{"line":19,"column":4},"end":{"line":21,"column":null}},{"start":{"line":19,"column":4},"end":{"line":21,"column":null}}]},"3":{"loc":{"start":{"line":27,"column":4},"end":{"line":29,"column":null}},"type":"if","locations":[{"start":{"line":27,"column":4},"end":{"line":29,"column":null}},{"start":{"line":27,"column":4},"end":{"line":29,"column":null}}]},"4":{"loc":{"start":{"line":36,"column":4},"end":{"line":38,"column":null}},"type":"if","locations":[{"start":{"line":36,"column":4},"end":{"line":38,"column":null}},{"start":{"line":36,"column":4},"end":{"line":38,"column":null}}]}},"s":{"0":2,"1":2,"2":2,"3":2,"4":2,"5":1,"6":1,"7":2,"8":2,"9":1,"10":1,"11":2,"12":2,"13":1,"14":1,"15":2,"16":2,"17":1,"18":1,"19":2},"f":{"0":2,"1":1,"2":2,"3":2,"4":2},"b":{"0":[0,1],"1":[1,1],"2":[1,1],"3":[1,1],"4":[1,1]}}
,"/Users/iagudo/Projects/thingiverse-api-to-graphql/auth-server/src/service/ThingiverseClient.ts": {"path":"/Users/iagudo/Projects/thingiverse-api-to-graphql/auth-server/src/service/ThingiverseClient.ts","statementMap":{"0":{"start":{"line":1,"column":0},"end":{"line":1,"column":80}},"1":{"start":{"line":2,"column":0},"end":{"line":2,"column":44}},"2":{"start":{"line":3,"column":0},"end":{"line":3,"column":40}},"3":{"start":{"line":4,"column":0},"end":{"line":4,"column":48}},"4":{"start":{"line":5,"column":0},"end":{"line":5,"column":20}},"5":{"start":{"line":6,"column":0},"end":{"line":6,"column":68}},"6":{"start":{"line":7,"column":0},"end":{"line":7,"column":90}},"7":{"start":{"line":8,"column":0},"end":{"line":8,"column":80}},"8":{"start":{"line":10,"column":0},"end":{"line":10,"column":null}},"9":{"start":{"line":19,"column":4},"end":{"line":19,"column":50}},"10":{"start":{"line":21,"column":28},"end":{"line":21,"column":62}},"11":{"start":{"line":22,"column":31},"end":{"line":22,"column":69}},"12":{"start":{"line":24,"column":4},"end":{"line":24,"column":58}},"13":{"start":{"line":25,"column":4},"end":{"line":25,"column":50}},"14":{"start":{"line":26,"column":4},"end":{"line":26,"column":64}},"15":{"start":{"line":27,"column":4},"end":{"line":27,"column":56}},"16":{"start":{"line":29,"column":4},"end":{"line":29,"column":70}},"17":{"start":{"line":30,"column":4},"end":{"line":30,"column":76}},"18":{"start":{"line":33,"column":2},"end":{"line":58,"column":4}},"19":{"start":{"line":33,"column":2},"end":{"line":33,"column":24}},"20":{"start":{"line":34,"column":29},"end":{"line":34,"column":64}},"21":{"start":{"line":35,"column":33},"end":{"line":35,"column":72}},"22":{"start":{"line":36,"column":24},"end":{"line":36,"column":76}},"23":{"start":{"line":38,"column":25},"end":{"line":42,"column":6}},"24":{"start":{"line":44,"column":39},"end":{"line":48,"column":6}},"25":{"start":{"line":50,"column":4},"end":{"line":57,"column":7}},"26":{"start":{"line":52,"column":6},"end":{"line":54,"column":null}},"27":{"start":{"line":53,"column":8},"end":{"line":53,"column":50}},"28":{"start":{"line":56,"column":6},"end":{"line":56,"column":53}},"29":{"start":{"line":60,"column":2},"end":{"line":68,"column":4}},"30":{"start":{"line":62,"column":37},"end":{"line":62,"column":81}},"31":{"start":{"line":63,"column":32},"end":{"line":63,"column":75}},"32":{"start":{"line":64,"column":27},"end":{"line":64,"column":60}},"33":{"start":{"line":66,"column":4},"end":{"line":67,"column":47}},"34":{"start":{"line":67,"column":19},"end":{"line":67,"column":36}},"35":{"start":{"line":67,"column":41},"end":{"line":67,"column":46}},"36":{"start":{"line":70,"column":2},"end":{"line":81,"column":4}},"37":{"start":{"line":71,"column":24},"end":{"line":71,"column":63}},"38":{"start":{"line":73,"column":39},"end":{"line":77,"column":6}},"39":{"start":{"line":79,"column":4},"end":{"line":80,"column":45}},"40":{"start":{"line":80,"column":17},"end":{"line":80,"column":34}},"41":{"start":{"line":80,"column":39},"end":{"line":80,"column":44}},"42":{"start":{"line":83,"column":10},"end":{"line":95,"column":4}},"43":{"start":{"line":84,"column":33},"end":{"line":84,"column":53}},"44":{"start":{"line":84,"column":52},"end":{"line":84,"column":108}},"45":{"start":{"line":85,"column":27},"end":{"line":85,"column":76}},"46":{"start":{"line":86,"column":21},"end":{"line":86,"column":47}},"47":{"start":{"line":88,"column":4},"end":{"line":90,"column":null}},"48":{"start":{"line":89,"column":6},"end":{"line":89,"column":37}},"49":{"start":{"line":92,"column":33},"end":{"line":92,"column":44}},"50":{"start":{"line":94,"column":4},"end":{"line":94,"column":28}},"51":{"start":{"line":96,"column":0},"end":{"line":96,"column":null}}},"fnMap":{"0":{"name":"(anonymous_1)","decl":{"start":{"line":10,"column":0},"end":{"line":10,"column":null}},"loc":{"start":{"line":10,"column":0},"end":{"line":96,"column":null}}},"1":{"name":"ThingiverseClient","decl":{"start":{"line":18,"column":2},"end":{"line":18,"column":null}},"loc":{"start":{"line":18,"column":2},"end":{"line":31,"column":3}}},"2":{"name":"(anonymous_3)","decl":{"start":{"line":33,"column":2},"end":{"line":33,"column":24}},"loc":{"start":{"line":33,"column":37},"end":{"line":58,"column":3}}},"3":{"name":"(anonymous_4)","decl":{"start":{"line":51,"column":10},"end":{"line":51,"column":11}},"loc":{"start":{"line":51,"column":34},"end":{"line":57,"column":5}}},"4":{"name":"(anonymous_5)","decl":{"start":{"line":60,"column":2},"end":{"line":60,"column":15}},"loc":{"start":{"line":60,"column":35},"end":{"line":68,"column":3}}},"5":{"name":"(anonymous_6)","decl":{"start":{"line":67,"column":12},"end":{"line":67,"column":13}},"loc":{"start":{"line":67,"column":36},"end":{"line":67,"column":45}}},"6":{"name":"(anonymous_7)","decl":{"start":{"line":70,"column":2},"end":{"line":70,"column":13}},"loc":{"start":{"line":70,"column":33},"end":{"line":81,"column":3}}},"7":{"name":"(anonymous_8)","decl":{"start":{"line":80,"column":10},"end":{"line":80,"column":11}},"loc":{"start":{"line":80,"column":34},"end":{"line":80,"column":43}}},"8":{"name":"(anonymous_9)","decl":{"start":{"line":83,"column":2},"end":{"line":83,"column":10}},"loc":{"start":{"line":83,"column":58},"end":{"line":95,"column":3}}},"9":{"name":"(anonymous_10)","decl":{"start":{"line":84,"column":33},"end":{"line":84,"column":34}},"loc":{"start":{"line":84,"column":47},"end":{"line":84,"column":53}}}},"branchMap":{"0":{"loc":{"start":{"line":52,"column":6},"end":{"line":54,"column":null}},"type":"if","locations":[{"start":{"line":52,"column":6},"end":{"line":54,"column":null}},{"start":{"line":52,"column":6},"end":{"line":54,"column":null}}]},"1":{"loc":{"start":{"line":84,"column":53},"end":{"line":84,"column":81}},"type":"binary-expr","locations":[{"start":{"line":84,"column":53},"end":{"line":84,"column":81}},{"start":{"line":84,"column":85},"end":{"line":84,"column":106}}]},"2":{"loc":{"start":{"line":88,"column":4},"end":{"line":90,"column":null}},"type":"if","locations":[{"start":{"line":88,"column":4},"end":{"line":90,"column":null}},{"start":{"line":88,"column":4},"end":{"line":90,"column":null}}]},"3":{"loc":{"start":{"line":88,"column":8},"end":{"line":88,"column":17}},"type":"binary-expr","locations":[{"start":{"line":88,"column":8},"end":{"line":88,"column":17}},{"start":{"line":88,"column":21},"end":{"line":88,"column":51}}]}},"s":{"0":1,"1":1,"2":1,"3":1,"4":1,"5":1,"6":1,"7":1,"8":1,"9":0,"10":0,"11":0,"12":0,"13":0,"14":0,"15":0,"16":0,"17":0,"18":1,"19":0,"20":0,"21":0,"22":0,"23":0,"24":0,"25":0,"26":0,"27":0,"28":0,"29":1,"30":0,"31":0,"32":0,"33":0,"34":0,"35":0,"36":1,"37":0,"38":0,"39":0,"40":0,"41":0,"42":1,"43":0,"44":0,"45":0,"46":0,"47":0,"48":0,"49":0,"50":0,"51":1},"f":{"0":1,"1":0,"2":0,"3":0,"4":0,"5":0,"6":0,"7":0,"8":0,"9":0},"b":{"0":[0,0],"1":[0,0],"2":[0,0],"3":[0,0]}}
,"/Users/iagudo/Projects/thingiverse-api-to-graphql/auth-server/src/shared/EnvironmentVariablesManager.ts": {"path":"/Users/iagudo/Projects/thingiverse-api-to-graphql/auth-server/src/shared/EnvironmentVariablesManager.ts","statementMap":{"0":{"start":{"line":1,"column":0},"end":{"line":1,"column":28}},"1":{"start":{"line":4,"column":0},"end":{"line":4,"column":null}},"2":{"start":{"line":5,"column":10},"end":{"line":5,"column":48}},"3":{"start":{"line":8,"column":39},"end":{"line":8,"column":54}},"4":{"start":{"line":10,"column":4},"end":{"line":12,"column":null}},"5":{"start":{"line":11,"column":6},"end":{"line":11,"column":95}},"6":{"start":{"line":25,"column":8},"end":{"line":25,"column":19}},"7":{"start":{"line":15,"column":17},"end":{"line":15,"column":null}},"8":{"start":{"line":16,"column":21},"end":{"line":16,"column":null}},"9":{"start":{"line":17,"column":25},"end":{"line":17,"column":null}},"10":{"start":{"line":18,"column":15},"end":{"line":18,"column":null}},"11":{"start":{"line":19,"column":19},"end":{"line":19,"column":null}},"12":{"start":{"line":20,"column":18},"end":{"line":20,"column":null}},"13":{"start":{"line":21,"column":32},"end":{"line":21,"column":null}},"14":{"start":{"line":22,"column":24},"end":{"line":22,"column":null}},"15":{"start":{"line":23,"column":24},"end":{"line":23,"column":null}},"16":{"start":{"line":24,"column":19},"end":{"line":24,"column":null}},"17":{"start":{"line":27,"column":4},"end":{"line":27,"column":52}},"18":{"start":{"line":28,"column":4},"end":{"line":28,"column":53}},"19":{"start":{"line":29,"column":4},"end":{"line":29,"column":61}},"20":{"start":{"line":30,"column":4},"end":{"line":30,"column":48}},"21":{"start":{"line":31,"column":4},"end":{"line":31,"column":56}},"22":{"start":{"line":32,"column":4},"end":{"line":32,"column":54}},"23":{"start":{"line":33,"column":4},"end":{"line":33,"column":82}},"24":{"start":{"line":34,"column":4},"end":{"line":34,"column":66}},"25":{"start":{"line":35,"column":4},"end":{"line":35,"column":66}},"26":{"start":{"line":36,"column":4},"end":{"line":36,"column":56}},"27":{"start":{"line":39,"column":2},"end":{"line":41,"column":null}},"28":{"start":{"line":40,"column":4},"end":{"line":40,"column":58}},"29":{"start":{"line":43,"column":2},"end":{"line":45,"column":null}},"30":{"start":{"line":44,"column":4},"end":{"line":44,"column":51}},"31":{"start":{"line":47,"column":2},"end":{"line":49,"column":null}},"32":{"start":{"line":48,"column":4},"end":{"line":48,"column":51}},"33":{"start":{"line":51,"column":2},"end":{"line":62,"column":null}},"34":{"start":{"line":53,"column":4},"end":{"line":55,"column":null}},"35":{"start":{"line":54,"column":6},"end":{"line":54,"column":63}},"36":{"start":{"line":57,"column":4},"end":{"line":59,"column":null}},"37":{"start":{"line":58,"column":6},"end":{"line":58,"column":58}},"38":{"start":{"line":61,"column":4},"end":{"line":61,"column":37}},"39":{"start":{"line":63,"column":0},"end":{"line":63,"column":null}}},"fnMap":{"0":{"name":"(anonymous_1)","decl":{"start":{"line":4,"column":0},"end":{"line":4,"column":null}},"loc":{"start":{"line":4,"column":0},"end":{"line":63,"column":null}}},"1":{"name":"EnvironmentVariablesManager","decl":{"start":{"line":7,"column":2},"end":{"line":7,"column":null}},"loc":{"start":{"line":7,"column":2},"end":{"line":37,"column":3}}},"2":{"name":"(anonymous_3)","decl":{"start":{"line":39,"column":2},"end":{"line":39,"column":7}},"loc":{"start":{"line":39,"column":2},"end":{"line":41,"column":3}}},"3":{"name":"(anonymous_4)","decl":{"start":{"line":43,"column":2},"end":{"line":43,"column":8}},"loc":{"start":{"line":43,"column":2},"end":{"line":45,"column":3}}},"4":{"name":"(anonymous_5)","decl":{"start":{"line":47,"column":2},"end":{"line":47,"column":8}},"loc":{"start":{"line":47,"column":2},"end":{"line":49,"column":3}}},"5":{"name":"(anonymous_6)","decl":{"start":{"line":51,"column":2},"end":{"line":51,"column":14}},"loc":{"start":{"line":51,"column":27},"end":{"line":62,"column":3}}}},"branchMap":{"0":{"loc":{"start":{"line":10,"column":4},"end":{"line":12,"column":null}},"type":"if","locations":[{"start":{"line":10,"column":4},"end":{"line":12,"column":null}},{"start":{"line":10,"column":4},"end":{"line":12,"column":null}}]},"1":{"loc":{"start":{"line":10,"column":16},"end":{"line":10,"column":18}},"type":"cond-expr","locations":[{"start":{"line":10,"column":16},"end":{"line":10,"column":18}},{"start":{"line":10,"column":10},"end":{"line":10,"column":23}}]},"2":{"loc":{"start":{"line":10,"column":10},"end":{"line":10,"column":18}},"type":"binary-expr","locations":[{"start":{"line":10,"column":10},"end":{"line":10,"column":18}},{"start":{"line":10,"column":10},"end":{"line":10,"column":18}}]},"3":{"loc":{"start":{"line":11,"column":82},"end":{"line":11,"column":84}},"type":"cond-expr","locations":[{"start":{"line":11,"column":82},"end":{"line":11,"column":84}},{"start":{"line":11,"column":82},"end":{"line":11,"column":91}}]},"4":{"loc":{"start":{"line":11,"column":22},"end":{"line":11,"column":84}},"type":"binary-expr","locations":[{"start":{"line":11,"column":22},"end":{"line":11,"column":84}},{"start":{"line":11,"column":82},"end":{"line":11,"column":84}}]},"5":{"loc":{"start":{"line":11,"column":75},"end":{"line":11,"column":77}},"type":"cond-expr","locations":[{"start":{"line":11,"column":75},"end":{"line":11,"column":77}},{"start":{"line":11,"column":69},"end":{"line":11,"column":82}}]},"6":{"loc":{"start":{"line":11,"column":69},"end":{"line":11,"column":77}},"type":"binary-expr","locations":[{"start":{"line":11,"column":69},"end":{"line":11,"column":77}},{"start":{"line":11,"column":69},"end":{"line":11,"column":77}}]},"7":{"loc":{"start":{"line":27,"column":33},"end":{"line":27,"column":44}},"type":"binary-expr","locations":[{"start":{"line":27,"column":33},"end":{"line":27,"column":44}},{"start":{"line":27,"column":48},"end":{"line":27,"column":50}}]},"8":{"loc":{"start":{"line":28,"column":30},"end":{"line":28,"column":45}},"type":"binary-expr","locations":[{"start":{"line":28,"column":30},"end":{"line":28,"column":45}},{"start":{"line":28,"column":49},"end":{"line":28,"column":51}}]},"9":{"loc":{"start":{"line":29,"column":34},"end":{"line":29,"column":53}},"type":"binary-expr","locations":[{"start":{"line":29,"column":34},"end":{"line":29,"column":53}},{"start":{"line":29,"column":57},"end":{"line":29,"column":59}}]},"10":{"loc":{"start":{"line":30,"column":31},"end":{"line":30,"column":40}},"type":"binary-expr","locations":[{"start":{"line":30,"column":31},"end":{"line":30,"column":40}},{"start":{"line":30,"column":44},"end":{"line":30,"column":46}}]},"11":{"loc":{"start":{"line":31,"column":35},"end":{"line":31,"column":48}},"type":"binary-expr","locations":[{"start":{"line":31,"column":35},"end":{"line":31,"column":48}},{"start":{"line":31,"column":52},"end":{"line":31,"column":54}}]},"12":{"loc":{"start":{"line":32,"column":34},"end":{"line":32,"column":46}},"type":"binary-expr","locations":[{"start":{"line":32,"column":34},"end":{"line":32,"column":46}},{"start":{"line":32,"column":50},"end":{"line":32,"column":52}}]},"13":{"loc":{"start":{"line":33,"column":48},"end":{"line":33,"column":74}},"type":"binary-expr","locations":[{"start":{"line":33,"column":48},"end":{"line":33,"column":74}},{"start":{"line":33,"column":78},"end":{"line":33,"column":80}}]},"14":{"loc":{"start":{"line":34,"column":40},"end":{"line":34,"column":58}},"type":"binary-expr","locations":[{"start":{"line":34,"column":40},"end":{"line":34,"column":58}},{"start":{"line":34,"column":62},"end":{"line":34,"column":64}}]},"15":{"loc":{"start":{"line":35,"column":40},"end":{"line":35,"column":58}},"type":"binary-expr","locations":[{"start":{"line":35,"column":40},"end":{"line":35,"column":58}},{"start":{"line":35,"column":62},"end":{"line":35,"column":64}}]},"16":{"loc":{"start":{"line":36,"column":35},"end":{"line":36,"column":48}},"type":"binary-expr","locations":[{"start":{"line":36,"column":35},"end":{"line":36,"column":48}},{"start":{"line":36,"column":52},"end":{"line":36,"column":54}}]},"17":{"loc":{"start":{"line":53,"column":4},"end":{"line":55,"column":null}},"type":"if","locations":[{"start":{"line":53,"column":4},"end":{"line":55,"column":null}},{"start":{"line":53,"column":4},"end":{"line":55,"column":null}}]},"18":{"loc":{"start":{"line":57,"column":4},"end":{"line":59,"column":null}},"type":"if","locations":[{"start":{"line":57,"column":4},"end":{"line":59,"column":null}},{"start":{"line":57,"column":4},"end":{"line":59,"column":null}}]},"19":{"loc":{"start":{"line":61,"column":11},"end":{"line":61,"column":30}},"type":"binary-expr","locations":[{"start":{"line":61,"column":11},"end":{"line":61,"column":30}},{"start":{"line":61,"column":34},"end":{"line":61,"column":36}}]}},"s":{"0":1,"1":1,"2":1,"3":1,"4":1,"5":0,"6":1,"7":1,"8":1,"9":1,"10":1,"11":1,"12":1,"13":1,"14":1,"15":1,"16":1,"17":1,"18":1,"19":1,"20":1,"21":1,"22":1,"23":1,"24":1,"25":1,"26":1,"27":1,"28":0,"29":1,"30":0,"31":1,"32":0,"33":1,"34":0,"35":0,"36":0,"37":0,"38":0,"39":1},"f":{"0":1,"1":1,"2":0,"3":0,"4":0,"5":0},"b":{"0":[0,1],"1":[0,1],"2":[1,1],"3":[0,0],"4":[0,0],"5":[0,0],"6":[0,0],"7":[1,1],"8":[1,0],"9":[1,0],"10":[1,0],"11":[1,0],"12":[1,0],"13":[1,0],"14":[1,0],"15":[1,0],"16":[1,0],"17":[0,0],"18":[0,0],"19":[0,0]}}
,"/Users/iagudo/Projects/thingiverse-api-to-graphql/auth-server/src/shared/ErrorMessages.ts": {"path":"/Users/iagudo/Projects/thingiverse-api-to-graphql/auth-server/src/shared/ErrorMessages.ts","statementMap":{"0":{"start":{"line":1,"column":0},"end":{"line":1,"column":21}},"1":{"start":{"line":2,"column":9},"end":{"line":2,"column":74}},"2":{"start":{"line":3,"column":9},"end":{"line":3,"column":106}},"3":{"start":{"line":4,"column":9},"end":{"line":4,"column":102}},"4":{"start":{"line":5,"column":9},"end":{"line":5,"column":96}},"5":{"start":{"line":6,"column":0},"end":{"line":6,"column":null}},"6":{"start":{"line":1,"column":21},"end":{"line":1,"column":null}}},"fnMap":{"0":{"name":"(anonymous_0)","decl":{"start":{"line":1,"column":0},"end":{"line":1,"column":21}},"loc":{"start":{"line":1,"column":0},"end":{"line":1,"column":21}}}},"branchMap":{},"s":{"0":2,"1":2,"2":2,"3":2,"4":2,"5":2,"6":2},"f":{"0":2},"b":{}}
}
