TN:
SF:src/config/WinstonLogger.ts
FN:7,(anonymous_1)
FN:12,WinstonLogger
FNF:2
FNH:2
FNDA:1,(anonymous_1)
FNDA:1,WinstonLogger
DA:1,1
DA:2,1
DA:4,1
DA:5,1
DA:7,1
DA:13,1
DA:15,1
DA:20,0
DA:26,0
DA:37,0
DA:38,0
DA:43,1
LF:12
LH:8
BRDA:37,0,0,0
BRDA:37,0,1,0
BRF:2
BRH:0
end_of_record
TN:
SF:src/controller/LoginController.ts
FN:10,(anonymous_1)
FN:15,LoginController
FN:21,(anonymous_3)
FN:31,(anonymous_4)
FN:40,(anonymous_5)
FN:41,(anonymous_6)
FN:44,(anonymous_7)
FN:53,(anonymous_8)
FN:54,(anonymous_9)
FN:57,(anonymous_10)
FN:69,(anonymous_11)
FNF:11
FNH:1
FNDA:1,(anonymous_1)
FNDA:0,LoginController
FNDA:0,(anonymous_3)
FNDA:0,(anonymous_4)
FNDA:0,(anonymous_5)
FNDA:0,(anonymous_6)
FNDA:0,(anonymous_7)
FNDA:0,(anonymous_8)
FNDA:0,(anonymous_9)
FNDA:0,(anonymous_10)
FNDA:0,(anonymous_11)
DA:2,1
DA:4,1
DA:6,1
DA:7,1
DA:8,1
DA:10,1
DA:16,0
DA:17,0
DA:18,0
DA:21,1
DA:22,0
DA:24,0
DA:25,0
DA:28,0
DA:31,1
DA:32,0
DA:34,0
DA:35,0
DA:39,0
DA:40,0
DA:41,0
DA:44,1
DA:45,0
DA:47,0
DA:48,0
DA:52,0
DA:53,0
DA:54,0
DA:57,1
DA:58,0
DA:59,0
DA:60,0
DA:62,0
DA:64,0
DA:66,0
DA:69,1
DA:70,0
DA:72,1
LF:38
LH:12
BRDA:16,0,0,0
BRDA:16,0,1,0
BRDA:16,1,0,0
BRDA:16,1,1,0
BRDA:24,2,0,0
BRDA:24,2,1,0
BRDA:32,3,0,0
BRDA:32,3,1,0
BRDA:32,4,0,0
BRDA:32,4,1,0
BRDA:32,5,0,0
BRDA:32,5,1,0
BRDA:32,6,0,0
BRDA:32,6,1,0
BRDA:34,7,0,0
BRDA:34,7,1,0
BRDA:45,8,0,0
BRDA:45,8,1,0
BRDA:45,9,0,0
BRDA:45,9,1,0
BRDA:45,10,0,0
BRDA:45,10,1,0
BRDA:45,11,0,0
BRDA:45,11,1,0
BRDA:47,12,0,0
BRDA:47,12,1,0
BRDA:70,13,0,0
BRDA:70,13,1,0
BRDA:70,14,0,0
BRDA:70,14,1,0
BRDA:70,15,0,0
BRDA:70,15,1,0
BRDA:70,16,0,0
BRDA:70,16,1,0
BRDA:70,17,0,0
BRDA:70,17,1,0
BRF:36
BRH:0
end_of_record
TN:
SF:src/domain/Server.ts
FN:14,(anonymous_1)
FN:19,Server
FN:30,(anonymous_3)
FN:37,(anonymous_4)
FN:45,(anonymous_5)
FN:55,(anonymous_6)
FN:57,(anonymous_7)
FN:62,(anonymous_8)
FN:73,(anonymous_9)
FN:76,(anonymous_10)
FN:77,(anonymous_11)
FN:80,(anonymous_12)
FN:85,(anonymous_13)
FN:91,(anonymous_14)
FN:94,(anonymous_15)
FN:97,(anonymous_16)
FN:100,(anonymous_17)
FN:106,(anonymous_18)
FNF:18
FNH:2
FNDA:1,(anonymous_1)
FNDA:1,Server
FNDA:0,(anonymous_3)
FNDA:0,(anonymous_4)
FNDA:0,(anonymous_5)
FNDA:0,(anonymous_6)
FNDA:0,(anonymous_7)
FNDA:0,(anonymous_8)
FNDA:0,(anonymous_9)
FNDA:0,(anonymous_10)
FNDA:0,(anonymous_11)
FNDA:0,(anonymous_12)
FNDA:0,(anonymous_13)
FNDA:0,(anonymous_14)
FNDA:0,(anonymous_15)
FNDA:0,(anonymous_16)
FNDA:0,(anonymous_17)
FNDA:0,(anonymous_18)
DA:2,1
DA:3,1
DA:5,1
DA:6,1
DA:7,1
DA:8,1
DA:10,1
DA:12,1
DA:14,1
DA:20,1
DA:21,1
DA:23,0
DA:24,0
DA:25,0
DA:26,0
DA:27,0
DA:30,1
DA:31,0
DA:32,0
DA:33,0
DA:34,0
DA:37,1
DA:38,0
DA:40,0
DA:41,0
DA:45,1
DA:46,0
DA:48,0
DA:49,0
DA:52,0
DA:55,1
DA:56,0
DA:57,0
DA:58,0
DA:62,1
DA:63,0
DA:64,0
DA:66,0
DA:67,0
DA:70,0
DA:73,1
DA:74,0
DA:75,0
DA:76,0
DA:77,0
DA:80,1
DA:81,0
DA:82,0
DA:85,1
DA:86,0
DA:87,0
DA:88,0
DA:91,1
DA:92,0
DA:93,0
DA:94,0
DA:95,0
DA:97,0
DA:98,0
DA:100,0
DA:101,0
DA:106,1
DA:107,0
DA:108,0
DA:110,1
LF:65
LH:22
BRDA:21,0,0,0
BRDA:21,0,1,0
BRDA:21,1,0,1
BRDA:21,1,1,0
BRDA:40,2,0,0
BRDA:40,2,1,0
BRDA:48,3,0,0
BRDA:48,3,1,0
BRDA:66,4,0,0
BRDA:66,4,1,0
BRDA:98,5,0,0
BRDA:98,5,1,0
BRDA:98,6,0,0
BRDA:98,6,1,0
BRF:14
BRH:1
end_of_record
TN:
SF:src/domain/error/InvalidAccessToken.ts
FN:3,(anonymous_7)
FN:4,InvalidAccessToken
FNF:2
FNH:1
FNDA:1,(anonymous_7)
FNDA:0,InvalidAccessToken
DA:1,1
DA:3,1
DA:5,0
DA:7,1
LF:4
LH:3
BRDA:5,0,0,0
BRDA:5,0,1,0
BRF:2
BRH:0
end_of_record
TN:
SF:src/domain/error/InvalidAccessTokenToAuthenticate.ts
FN:3,(anonymous_7)
FN:4,InvalidAccessTokenToAuthenticate
FNF:2
FNH:2
FNDA:2,(anonymous_7)
FNDA:4,InvalidAccessTokenToAuthenticate
DA:1,2
DA:3,2
DA:5,4
DA:7,2
LF:4
LH:4
BRDA:5,0,0,4
BRDA:5,0,1,0
BRF:2
BRH:1
end_of_record
TN:
SF:src/domain/error/InvalidCodeToExchange.ts
FN:3,(anonymous_7)
FN:4,InvalidCodeToExchange
FNF:2
FNH:2
FNDA:2,(anonymous_7)
FNDA:2,InvalidCodeToExchange
DA:1,2
DA:3,2
DA:5,2
DA:7,2
LF:4
LH:4
BRDA:5,0,0,2
BRDA:5,0,1,0
BRF:2
BRH:1
end_of_record
TN:
SF:src/domain/error/NotValidAccessTokenOnResponse.ts
FN:3,(anonymous_7)
FN:4,NotValidAccessTokenOnResponse
FNF:2
FNH:1
FNDA:1,(anonymous_7)
FNDA:0,NotValidAccessTokenOnResponse
DA:1,1
DA:3,1
DA:5,0
DA:7,1
LF:4
LH:3
BRDA:5,0,0,0
BRDA:5,0,1,0
BRF:2
BRH:0
end_of_record
TN:
SF:src/route/LoginRouter.ts
FN:5,(anonymous_1)
FN:9,LoginRouter
FNF:2
FNH:1
FNDA:1,(anonymous_1)
FNDA:0,LoginRouter
DA:1,1
DA:3,1
DA:5,1
DA:10,0
DA:11,0
DA:13,0
DA:16,0
DA:19,0
DA:22,1
LF:9
LH:4
BRF:0
BRH:0
end_of_record
TN:
SF:src/service/LoginService.ts
FN:8,(anonymous_1)
FN:13,LoginService
FN:18,(anonymous_3)
FN:26,(anonymous_4)
FN:34,(anonymous_5)
FNF:5
FNH:5
FNDA:2,(anonymous_1)
FNDA:1,LoginService
FNDA:2,(anonymous_3)
FNDA:2,(anonymous_4)
FNDA:2,(anonymous_5)
DA:3,2
DA:4,2
DA:5,2
DA:6,2
DA:8,2
DA:14,1
DA:15,1
DA:18,2
DA:19,2
DA:20,1
DA:23,1
DA:26,2
DA:27,2
DA:28,1
DA:31,1
DA:34,2
DA:36,2
DA:37,1
DA:40,1
DA:42,2
LF:20
LH:20
BRDA:14,0,0,0
BRDA:14,0,1,1
BRDA:14,1,0,1
BRDA:14,1,1,1
BRDA:19,2,0,1
BRDA:19,2,1,1
BRDA:27,3,0,1
BRDA:27,3,1,1
BRDA:36,4,0,1
BRDA:36,4,1,1
BRF:10
BRH:9
end_of_record
TN:
SF:src/service/ThingiverseClient.ts
FN:10,(anonymous_1)
FN:18,ThingiverseClient
FN:33,(anonymous_3)
FN:51,(anonymous_4)
FN:60,(anonymous_5)
FN:67,(anonymous_6)
FN:70,(anonymous_7)
FN:80,(anonymous_8)
FN:83,(anonymous_9)
FN:84,(anonymous_10)
FNF:10
FNH:1
FNDA:1,(anonymous_1)
FNDA:0,ThingiverseClient
FNDA:0,(anonymous_3)
FNDA:0,(anonymous_4)
FNDA:0,(anonymous_5)
FNDA:0,(anonymous_6)
FNDA:0,(anonymous_7)
FNDA:0,(anonymous_8)
FNDA:0,(anonymous_9)
FNDA:0,(anonymous_10)
DA:1,1
DA:2,1
DA:3,1
DA:4,1
DA:5,1
DA:6,1
DA:7,1
DA:8,1
DA:10,1
DA:19,0
DA:21,0
DA:22,0
DA:24,0
DA:25,0
DA:26,0
DA:27,0
DA:29,0
DA:30,0
DA:33,1
DA:34,0
DA:35,0
DA:36,0
DA:38,0
DA:44,0
DA:50,0
DA:52,0
DA:53,0
DA:56,0
DA:60,1
DA:62,0
DA:63,0
DA:64,0
DA:66,0
DA:67,0
DA:70,1
DA:71,0
DA:73,0
DA:79,0
DA:80,0
DA:83,1
DA:84,0
DA:85,0
DA:86,0
DA:88,0
DA:89,0
DA:92,0
DA:94,0
DA:96,1
LF:48
LH:14
BRDA:52,0,0,0
BRDA:52,0,1,0
BRDA:84,1,0,0
BRDA:84,1,1,0
BRDA:88,2,0,0
BRDA:88,2,1,0
BRDA:88,3,0,0
BRDA:88,3,1,0
BRF:8
BRH:0
end_of_record
TN:
SF:src/shared/EnvironmentVariablesManager.ts
FN:4,(anonymous_1)
FN:7,EnvironmentVariablesManager
FN:39,(anonymous_3)
FN:43,(anonymous_4)
FN:47,(anonymous_5)
FN:51,(anonymous_6)
FNF:6
FNH:2
FNDA:1,(anonymous_1)
FNDA:1,EnvironmentVariablesManager
FNDA:0,(anonymous_3)
FNDA:0,(anonymous_4)
FNDA:0,(anonymous_5)
FNDA:0,(anonymous_6)
DA:1,1
DA:4,1
DA:5,1
DA:8,1
DA:10,1
DA:11,0
DA:15,1
DA:16,1
DA:17,1
DA:18,1
DA:19,1
DA:20,1
DA:21,1
DA:22,1
DA:23,1
DA:24,1
DA:25,1
DA:27,1
DA:28,1
DA:29,1
DA:30,1
DA:31,1
DA:32,1
DA:33,1
DA:34,1
DA:35,1
DA:36,1
DA:39,1
DA:40,0
DA:43,1
DA:44,0
DA:47,1
DA:48,0
DA:51,1
DA:53,0
DA:54,0
DA:57,0
DA:58,0
DA:61,0
DA:63,1
LF:40
LH:31
BRDA:10,0,0,0
BRDA:10,0,1,1
BRDA:10,1,0,0
BRDA:10,1,1,1
BRDA:10,2,0,1
BRDA:10,2,1,1
BRDA:11,3,0,0
BRDA:11,3,1,0
BRDA:11,4,0,0
BRDA:11,4,1,0
BRDA:11,5,0,0
BRDA:11,5,1,0
BRDA:11,6,0,0
BRDA:11,6,1,0
BRDA:27,7,0,1
BRDA:27,7,1,1
BRDA:28,8,0,1
BRDA:28,8,1,0
BRDA:29,9,0,1
BRDA:29,9,1,0
BRDA:30,10,0,1
BRDA:30,10,1,0
BRDA:31,11,0,1
BRDA:31,11,1,0
BRDA:32,12,0,1
BRDA:32,12,1,0
BRDA:33,13,0,1
BRDA:33,13,1,0
BRDA:34,14,0,1
BRDA:34,14,1,0
BRDA:35,15,0,1
BRDA:35,15,1,0
BRDA:36,16,0,1
BRDA:36,16,1,0
BRDA:53,17,0,0
BRDA:53,17,1,0
BRDA:57,18,0,0
BRDA:57,18,1,0
BRDA:61,19,0,0
BRDA:61,19,1,0
BRF:40
BRH:15
end_of_record
TN:
SF:src/shared/ErrorMessages.ts
FN:1,(anonymous_0)
FNF:1
FNH:1
FNDA:2,(anonymous_0)
DA:1,2
DA:2,2
DA:3,2
DA:4,2
DA:5,2
DA:6,2
LF:6
LH:6
BRF:0
BRH:0
end_of_record
